c:\users\entropy\onedrive\desktop\dev\hexlab\x64\debug\vc143.pdb
c:\users\entropy\onedrive\desktop\dev\hexlab\x64\debug\vc143.idb
c:\users\entropy\onedrive\desktop\dev\hexlab\x64\debug\type.obj
c:\users\entropy\onedrive\desktop\dev\hexlab\x64\debug\line2.obj
c:\users\entropy\onedrive\desktop\dev\hexlab\x64\debug\hexlab.obj
c:\users\entropy\onedrive\desktop\dev\hexlab\x64\debug\point2.obj
c:\users\entropy\onedrive\desktop\dev\hexlab\x64\debug\statemap.obj
c:\users\entropy\onedrive\desktop\dev\hexlab\x64\debug\border.obj
c:\users\entropy\onedrive\desktop\dev\hexlab\x64\debug\states.obj
c:\users\entropy\onedrive\desktop\dev\hexlab\x64\debug\cellmanager.obj
c:\users\entropy\onedrive\desktop\dev\hexlab\x64\debug\cell.obj
c:\users\entropy\onedrive\desktop\dev\hexlab\x64\debug\hexlab.exe
c:\users\entropy\onedrive\desktop\dev\hexlab\x64\debug\hexlab.ilk
c:\users\entropy\onedrive\desktop\dev\hexlab\x64\debug\hexlab.pdb
c:\users\entropy\onedrive\desktop\dev\hexlab\x64\debug\border.obj.enc
c:\users\entropy\onedrive\desktop\dev\hexlab\x64\debug\cell.obj.enc
c:\users\entropy\onedrive\desktop\dev\hexlab\x64\debug\cellmanager.obj.enc
c:\users\entropy\onedrive\desktop\dev\hexlab\x64\debug\hexlab.obj.enc
c:\users\entropy\onedrive\desktop\dev\hexlab\x64\debug\point2.obj.enc
c:\users\entropy\onedrive\desktop\dev\hexlab\x64\debug\statemap.obj.enc
c:\users\entropy\onedrive\desktop\dev\hexlab\x64\debug\hexlab.tlog\cl.command.1.tlog
c:\users\entropy\onedrive\desktop\dev\hexlab\x64\debug\hexlab.tlog\cl.read.1.tlog
c:\users\entropy\onedrive\desktop\dev\hexlab\x64\debug\hexlab.tlog\cl.write.1.tlog
c:\users\entropy\onedrive\desktop\dev\hexlab\x64\debug\hexlab.tlog\link.command.1.tlog
c:\users\entropy\onedrive\desktop\dev\hexlab\x64\debug\hexlab.tlog\link.read.1.tlog
c:\users\entropy\onedrive\desktop\dev\hexlab\x64\debug\hexlab.tlog\link.write.1.tlog
