  HexLab.cpp
C:\Users\Entropy\source\repos\HexLab\Line2.cpp(22,101): warning C4244: "Argument": Konvertierung von "double" in "T", möglicher Datenverlust
          with
          [
              T=float
          ]
C:\Users\Entropy\source\repos\HexLab\Line2.cpp(22,63): warning C4244: "Argument": Konvertierung von "double" in "T", möglicher Datenverlust
          with
          [
              T=float
          ]
C:\Users\Entropy\source\repos\HexLab\Line2.cpp(24,96): warning C4244: "Argument": Konvertierung von "double" in "T", möglicher Datenverlust
          with
          [
              T=float
          ]
C:\Users\Entropy\source\repos\HexLab\Line2.cpp(24,61): warning C4244: "Argument": Konvertierung von "double" in "T", möglicher Datenverlust
          with
          [
              T=float
          ]
C:\Users\Entropy\source\repos\HexLab\Border.cpp(55,61): warning C4244: "Argument": Konvertierung von "double" in "float", möglicher Datenverlust
C:\Users\Entropy\source\repos\HexLab\Border.cpp(55,42): warning C4244: "Argument": Konvertierung von "double" in "float", möglicher Datenverlust
C:\Users\Entropy\source\repos\HexLab\Border.cpp(58,42): warning C4244: "Argument": Konvertierung von "double" in "float", möglicher Datenverlust
C:\Users\Entropy\source\repos\HexLab\Border.cpp(61,60): warning C4244: "Argument": Konvertierung von "double" in "float", möglicher Datenverlust
C:\Users\Entropy\source\repos\HexLab\Border.cpp(61,42): warning C4244: "Argument": Konvertierung von "double" in "float", möglicher Datenverlust
C:\Users\Entropy\source\repos\HexLab\Border.cpp(64,60): warning C4244: "Argument": Konvertierung von "double" in "float", möglicher Datenverlust
C:\Users\Entropy\source\repos\HexLab\Border.cpp(64,42): warning C4244: "Argument": Konvertierung von "double" in "float", möglicher Datenverlust
C:\Users\Entropy\source\repos\HexLab\Border.cpp(67,61): warning C4244: "Argument": Konvertierung von "double" in "float", möglicher Datenverlust
C:\Users\Entropy\source\repos\HexLab\Border.cpp(67,42): warning C4244: "Argument": Konvertierung von "double" in "float", möglicher Datenverlust
C:\Users\Entropy\source\repos\HexLab\Border.cpp(70,35): warning C4244: "Argument": Konvertierung von "double" in "float", möglicher Datenverlust
C:\Users\Entropy\source\repos\HexLab\Border.cpp(73,58): warning C4244: "Argument": Konvertierung von "double" in "float", möglicher Datenverlust
C:\Users\Entropy\source\repos\HexLab\Border.cpp(73,42): warning C4244: "Argument": Konvertierung von "double" in "float", möglicher Datenverlust
C:\Users\Entropy\source\repos\HexLab\Border.cpp(81,53): warning C4244: "Argument": Konvertierung von "double" in "T", möglicher Datenverlust
          with
          [
              T=float
          ]
C:\Users\Entropy\source\repos\HexLab\Border.cpp(81,34): warning C4244: "Argument": Konvertierung von "double" in "T", möglicher Datenverlust
          with
          [
              T=float
          ]
C:\Users\Entropy\source\repos\HexLab\Border.cpp(93,42): warning C4244: "Argument": Konvertierung von "double" in "float", möglicher Datenverlust
C:\Users\Entropy\source\repos\HexLab\Border.cpp(93,30): warning C4244: "Argument": Konvertierung von "double" in "float", möglicher Datenverlust
C:\Users\Entropy\source\repos\HexLab\Cell.cpp(55,27): warning C4244: "Argument": Konvertierung von "double" in "float", möglicher Datenverlust
C:\Users\Entropy\source\repos\HexLab\Cell.cpp(55,24): warning C4244: "Argument": Konvertierung von "double" in "float", möglicher Datenverlust
C:\Users\Entropy\source\repos\HexLab\Cell.cpp(88,36): warning C4244: "Argument": Konvertierung von "double" in "float", möglicher Datenverlust
C:\Users\Entropy\source\repos\HexLab\Cell.cpp(91,76): warning C4244: "Argument": Konvertierung von "double" in "float", möglicher Datenverlust
C:\Users\Entropy\source\repos\HexLab\Cell.cpp(91,45): warning C4244: "Argument": Konvertierung von "double" in "float", möglicher Datenverlust
  Line2.cpp
C:\Users\Entropy\source\repos\HexLab\Line2.cpp(22,101): warning C4244: "Argument": Konvertierung von "double" in "T", möglicher Datenverlust
          with
          [
              T=float
          ]
C:\Users\Entropy\source\repos\HexLab\Line2.cpp(22,63): warning C4244: "Argument": Konvertierung von "double" in "T", möglicher Datenverlust
          with
          [
              T=float
          ]
C:\Users\Entropy\source\repos\HexLab\Line2.cpp(24,96): warning C4244: "Argument": Konvertierung von "double" in "T", möglicher Datenverlust
          with
          [
              T=float
          ]
C:\Users\Entropy\source\repos\HexLab\Line2.cpp(24,61): warning C4244: "Argument": Konvertierung von "double" in "T", möglicher Datenverlust
          with
          [
              T=float
          ]
  Type.cpp
  Code wird generiert...
HexLab.obj : error LNK2019: Verweis auf nicht aufgelöstes externes Symbol ""__declspec(dllimport) public: __cdecl sf::String::String(char const *,class std::locale const &)" (__imp_??0String@sf@@QEAA@PEBDAEBVlocale@std@@@Z)" in Funktion ""void __cdecl HexLab::iterate(void)" (?iterate@HexLab@@YAXXZ)".
HexLab.obj : error LNK2019: Verweis auf nicht aufgelöstes externes Symbol ""__declspec(dllimport) public: __cdecl sf::String::~String(void)" (__imp_??1String@sf@@QEAA@XZ)" in Funktion ""void __cdecl HexLab::iterate(void)" (?iterate@HexLab@@YAXXZ)".
HexLab.obj : error LNK2019: Verweis auf nicht aufgelöstes externes Symbol ""__declspec(dllimport) public: __cdecl sf::VideoMode::VideoMode(unsigned int,unsigned int,unsigned int)" (__imp_??0VideoMode@sf@@QEAA@III@Z)" in Funktion ""void __cdecl HexLab::iterate(void)" (?iterate@HexLab@@YAXXZ)".
HexLab.obj : error LNK2019: Verweis auf nicht aufgelöstes externes Symbol ""__declspec(dllimport) public: void __cdecl sf::Window::close(void)" (__imp_?close@Window@sf@@QEAAXXZ)" in Funktion ""void __cdecl HexLab::iterate(void)" (?iterate@HexLab@@YAXXZ)".
HexLab.obj : error LNK2019: Verweis auf nicht aufgelöstes externes Symbol ""__declspec(dllimport) public: bool __cdecl sf::Window::isOpen(void)const " (__imp_?isOpen@Window@sf@@QEBA_NXZ)" in Funktion ""void __cdecl HexLab::iterate(void)" (?iterate@HexLab@@YAXXZ)".
HexLab.obj : error LNK2019: Verweis auf nicht aufgelöstes externes Symbol ""__declspec(dllimport) public: bool __cdecl sf::Window::pollEvent(class sf::Event &)" (__imp_?pollEvent@Window@sf@@QEAA_NAEAVEvent@2@@Z)" in Funktion ""void __cdecl HexLab::iterate(void)" (?iterate@HexLab@@YAXXZ)".
HexLab.obj : error LNK2019: Verweis auf nicht aufgelöstes externes Symbol ""__declspec(dllimport) public: void __cdecl sf::Window::display(void)" (__imp_?display@Window@sf@@QEAAXXZ)" in Funktion ""void __cdecl HexLab::iterate(void)" (?iterate@HexLab@@YAXXZ)".
HexLab.obj : error LNK2019: Verweis auf nicht aufgelöstes externes Symbol ""__declspec(dllimport) public: virtual __cdecl sf::Drawable::~Drawable(void)" (__imp_??1Drawable@sf@@UEAA@XZ)" in Funktion ""int `public: __cdecl HexLab::Cell::Cell(class Cell::dtor$0 const &)'::`1'::dtor$0" (?dtor$0@?0???0Cell@HexLab@@QEAA@AEBV01@@Z@4HA)".
HexLab.obj : error LNK2019: Verweis auf nicht aufgelöstes externes Symbol ""__declspec(dllimport) public: __cdecl sf::Drawable::Drawable(void)" (__imp_??0Drawable@sf@@QEAA@XZ)" in Funktion ""public: __cdecl HexLab::Cell::Cell(double,double,double)" (??0Cell@HexLab@@QEAA@NNN@Z)".
HexLab.obj : error LNK2019: Verweis auf nicht aufgelöstes externes Symbol ""__declspec(dllimport) public: __cdecl sf::Drawable::Drawable(class sf::Drawable const &)" (__imp_??0Drawable@sf@@QEAA@AEBV01@@Z)" in Funktion ""public: __cdecl HexLab::Cell::Cell(class HexLab::Cell const &)" (??0Cell@HexLab@@QEAA@AEBV01@@Z)".
HexLab.obj : error LNK2019: Verweis auf nicht aufgelöstes externes Symbol ""__declspec(dllimport) public: __cdecl sf::Transformable::Transformable(void)" (__imp_??0Transformable@sf@@QEAA@XZ)" in Funktion ""public: __cdecl HexLab::Cell::Cell(double,double,double)" (??0Cell@HexLab@@QEAA@NNN@Z)".
HexLab.obj : error LNK2019: Verweis auf nicht aufgelöstes externes Symbol ""__declspec(dllimport) public: virtual __cdecl sf::Transformable::~Transformable(void)" (__imp_??1Transformable@sf@@UEAA@XZ)" in Funktion ""int `public: __cdecl HexLab::Cell::Cell(class Cell::dtor$1 const &)'::`1'::dtor$1" (?dtor$1@?0???0Cell@HexLab@@QEAA@AEBV01@@Z@4HA)".
HexLab.obj : error LNK2019: Verweis auf nicht aufgelöstes externes Symbol ""__declspec(dllimport) public: void __cdecl sf::Transformable::setPosition(float,float)" (__imp_?setPosition@Transformable@sf@@QEAAXMM@Z)" in Funktion ""public: void __cdecl HexLab::Border::PosRect(void)" (?PosRect@Border@HexLab@@QEAAXXZ)".
HexLab.obj : error LNK2019: Verweis auf nicht aufgelöstes externes Symbol ""__declspec(dllimport) public: void __cdecl sf::Transformable::setOrigin(float,float)" (__imp_?setOrigin@Transformable@sf@@QEAAXMM@Z)" in Funktion ""public: void __cdecl HexLab::Cell::InitBase(double)" (?InitBase@Cell@HexLab@@QEAAXN@Z)".
HexLab.obj : error LNK2019: Verweis auf nicht aufgelöstes externes Symbol ""__declspec(dllimport) public: void __cdecl sf::Transformable::move(float,float)" (__imp_?move@Transformable@sf@@QEAAXMM@Z)" in Funktion ""public: void __cdecl HexLab::Border::Init(int,double,enum HexLab::States,struct HexLab::Point2)" (?Init@Border@HexLab@@QEAAXHNW4States@2@UPoint2@2@@Z)".
HexLab.obj : error LNK2019: Verweis auf nicht aufgelöstes externes Symbol ""__declspec(dllimport) public: void __cdecl sf::Transformable::move(class sf::Vector2<float> const &)" (__imp_?move@Transformable@sf@@QEAAXAEBV?$Vector2@M@2@@Z)" in Funktion ""public: void __cdecl HexLab::Cell::move(class sf::Vector2<float>)" (?move@Cell@HexLab@@QEAAXV?$Vector2@M@sf@@@Z)".
HexLab.obj : error LNK2019: Verweis auf nicht aufgelöstes externes Symbol ""__declspec(dllimport) public: void __cdecl sf::Transformable::rotate(float)" (__imp_?rotate@Transformable@sf@@QEAAXM@Z)" in Funktion ""public: void __cdecl HexLab::Cell::InitBase(double)" (?InitBase@Cell@HexLab@@QEAAXN@Z)".
HexLab.obj : error LNK2019: Verweis auf nicht aufgelöstes externes Symbol ""__declspec(dllimport) public: __cdecl sf::Transformable::Transformable(class sf::Transformable const &)" (__imp_??0Transformable@sf@@QEAA@AEBV01@@Z)" in Funktion ""public: __cdecl HexLab::Cell::Cell(class HexLab::Cell const &)" (??0Cell@HexLab@@QEAA@AEBV01@@Z)".
HexLab.obj : error LNK2019: Verweis auf nicht aufgelöstes externes Symbol ""__declspec(dllimport) public: void __cdecl sf::Shape::setFillColor(class sf::Color const &)" (__imp_?setFillColor@Shape@sf@@QEAAXAEBVColor@2@@Z)" in Funktion ""public: void __cdecl HexLab::Cell::InitBase(double)" (?InitBase@Cell@HexLab@@QEAAXN@Z)".
HexLab.obj : error LNK2019: Verweis auf nicht aufgelöstes externes Symbol ""__declspec(dllimport) public: __cdecl sf::CircleShape::CircleShape(float,unsigned __int64)" (__imp_??0CircleShape@sf@@QEAA@M_K@Z)" in Funktion ""public: __cdecl HexLab::Cell::Cell(double,double,double)" (??0Cell@HexLab@@QEAA@NNN@Z)".
HexLab.obj : error LNK2019: Verweis auf nicht aufgelöstes externes Symbol ""__declspec(dllimport) public: virtual __cdecl sf::CircleShape::~CircleShape(void)" (__imp_??1CircleShape@sf@@UEAA@XZ)" in Funktion ""int `public: __cdecl HexLab::Cell::Cell(double,double,double)'::`1'::dtor$3" (?dtor$3@?0???0Cell@HexLab@@QEAA@NNN@Z@4HA)".
HexLab.obj : error LNK2019: Verweis auf nicht aufgelöstes externes Symbol ""__declspec(dllimport) public: __cdecl sf::CircleShape::CircleShape(class sf::CircleShape const &)" (__imp_??0CircleShape@sf@@QEAA@AEBV01@@Z)" in Funktion ""public: __cdecl HexLab::Cell::Cell(class HexLab::Cell const &)" (??0Cell@HexLab@@QEAA@AEBV01@@Z)".
HexLab.obj : error LNK2019: Verweis auf nicht aufgelöstes externes Symbol ""__declspec(dllimport) public: class sf::CircleShape & __cdecl sf::CircleShape::operator=(class sf::CircleShape &&)" (__imp_??4CircleShape@sf@@QEAAAEAV01@$$QEAV01@@Z)" in Funktion ""public: void __cdecl HexLab::Cell::InitBase(double)" (?InitBase@Cell@HexLab@@QEAAXN@Z)".
HexLab.obj : error LNK2019: Verweis auf nicht aufgelöstes externes Symbol ""__declspec(dllimport) public: __cdecl sf::RectangleShape::RectangleShape(class sf::Vector2<float> const &)" (__imp_??0RectangleShape@sf@@QEAA@AEBV?$Vector2@M@1@@Z)" in Funktion ""public: __cdecl HexLab::Border::Border(void)" (??0Border@HexLab@@QEAA@XZ)".
HexLab.obj : error LNK2019: Verweis auf nicht aufgelöstes externes Symbol ""__declspec(dllimport) public: virtual __cdecl sf::RectangleShape::~RectangleShape(void)" (__imp_??1RectangleShape@sf@@UEAA@XZ)" in Funktion ""public: __cdecl HexLab::Border::~Border(void)" (??1Border@HexLab@@QEAA@XZ)".
HexLab.obj : error LNK2019: Verweis auf nicht aufgelöstes externes Symbol ""__declspec(dllimport) public: __cdecl sf::RectangleShape::RectangleShape(class sf::RectangleShape const &)" (__imp_??0RectangleShape@sf@@QEAA@AEBV01@@Z)" in Funktion ""public: __cdecl HexLab::Border::Border(class HexLab::Border const &)" (??0Border@HexLab@@QEAA@AEBV01@@Z)".
HexLab.obj : error LNK2019: Verweis auf nicht aufgelöstes externes Symbol ""__declspec(dllimport) public: class sf::RectangleShape & __cdecl sf::RectangleShape::operator=(class sf::RectangleShape const &)" (__imp_??4RectangleShape@sf@@QEAAAEAV01@AEBV01@@Z)" in Funktion ""public: class HexLab::Border & __cdecl HexLab::Border::operator=(class HexLab::Border const &)" (??4Border@HexLab@@QEAAAEAV01@AEBV01@@Z)".
HexLab.obj : error LNK2019: Verweis auf nicht aufgelöstes externes Symbol ""__declspec(dllimport) public: class sf::RectangleShape & __cdecl sf::RectangleShape::operator=(class sf::RectangleShape &&)" (__imp_??4RectangleShape@sf@@QEAAAEAV01@$$QEAV01@@Z)" in Funktion ""public: void __cdecl HexLab::Border::Init(int,double,enum HexLab::States,struct HexLab::Point2)" (?Init@Border@HexLab@@QEAAXHNW4States@2@UPoint2@2@@Z)".
HexLab.obj : error LNK2019: Verweis auf nicht aufgelöstes externes Symbol ""__declspec(dllimport) public: void __cdecl sf::RenderTarget::clear(class sf::Color const &)" (__imp_?clear@RenderTarget@sf@@QEAAXAEBVColor@2@@Z)" in Funktion ""void __cdecl HexLab::iterate(void)" (?iterate@HexLab@@YAXXZ)".
HexLab.obj : error LNK2019: Verweis auf nicht aufgelöstes externes Symbol ""__declspec(dllimport) public: void __cdecl sf::RenderTarget::draw(class sf::Drawable const &,class sf::RenderStates const &)" (__imp_?draw@RenderTarget@sf@@QEAAXAEBVDrawable@2@AEBVRenderStates@2@@Z)" in Funktion ""public: virtual void __cdecl HexLab::Cell::draw(class sf::RenderTarget &,class sf::RenderStates)const " (?draw@Cell@HexLab@@UEBAXAEAVRenderTarget@sf@@VRenderStates@4@@Z)".
HexLab.obj : error LNK2019: Verweis auf nicht aufgelöstes externes Symbol ""__declspec(dllimport) public: __cdecl sf::RenderWindow::RenderWindow(class sf::VideoMode,class sf::String const &,unsigned int,struct sf::ContextSettings const &)" (__imp_??0RenderWindow@sf@@QEAA@VVideoMode@1@AEBVString@1@IAEBUContextSettings@1@@Z)" in Funktion ""void __cdecl HexLab::iterate(void)" (?iterate@HexLab@@YAXXZ)".
HexLab.obj : error LNK2019: Verweis auf nicht aufgelöstes externes Symbol ""__declspec(dllimport) public: virtual __cdecl sf::RenderWindow::~RenderWindow(void)" (__imp_??1RenderWindow@sf@@UEAA@XZ)" in Funktion ""void __cdecl HexLab::iterate(void)" (?iterate@HexLab@@YAXXZ)".
HexLab.obj : error LNK2019: Verweis auf nicht aufgelöstes externes Symbol ""__declspec(dllimport) public: static class sf::RenderStates const sf::RenderStates::Default" (__imp_?Default@RenderStates@sf@@2V12@B)" in Funktion ""public: virtual void __cdecl HexLab::Cell::draw(class sf::RenderTarget &,class sf::RenderStates)const " (?draw@Cell@HexLab@@UEBAXAEAVRenderTarget@sf@@VRenderStates@4@@Z)".
HexLab.obj : error LNK2019: Verweis auf nicht aufgelöstes externes Symbol ""__declspec(dllimport) public: static class sf::Color const sf::Color::Black" (__imp_?Black@Color@sf@@2V12@B)" in Funktion ""void __cdecl HexLab::iterate(void)" (?iterate@HexLab@@YAXXZ)".
HexLab.obj : error LNK2019: Verweis auf nicht aufgelöstes externes Symbol ""__declspec(dllimport) public: static class sf::Color const sf::Color::White" (__imp_?White@Color@sf@@2V12@B)" in Funktion ""public: virtual void __cdecl HexLab::Cell::draw(class sf::RenderTarget &,class sf::RenderStates)const " (?draw@Cell@HexLab@@UEBAXAEAVRenderTarget@sf@@VRenderStates@4@@Z)".
HexLab.obj : error LNK2019: Verweis auf nicht aufgelöstes externes Symbol ""__declspec(dllimport) public: static class sf::Color const sf::Color::Cyan" (__imp_?Cyan@Color@sf@@2V12@B)" in Funktion ""public: void __cdecl HexLab::Cell::InitBase(double)" (?InitBase@Cell@HexLab@@QEAAXN@Z)".
C:\Users\Entropy\OneDrive\Desktop\Dev\HexLab\x64\Debug\HexLab.exe : fatal error LNK1120: 36 nicht aufgelöste Externe
